<?xml version="1.0" encoding="UTF-8"?>
<testng-results skipped="0" failed="0" total="1" passed="1">
  <reporter-output>
  </reporter-output>
  <suite name="Default suite" duration-ms="87197" started-at="2015-03-06T15:06:52Z" finished-at="2015-03-06T15:08:20Z">
    <groups>
    </groups>
    <test name="Default test" duration-ms="87197" started-at="2015-03-06T15:06:52Z" finished-at="2015-03-06T15:08:20Z">
      <class name="com.test.scripts.AppiumTestNG">
        <test-method status="PASS" signature="loginKL()[pri:0, instance:com.test.scripts.AppiumTestNG@48447c]" name="loginKL" is-config="true" duration-ms="4742" started-at="2015-03-06T20:36:52Z" finished-at="2015-03-06T20:36:57Z">
          <reporter-output>
          </reporter-output>
        </test-method> <!-- loginKL -->
        <test-method status="PASS" signature="oasisC1SOC()[pri:0, instance:com.test.scripts.AppiumTestNG@48447c]" name="oasisC1SOC" duration-ms="76471" started-at="2015-03-06T20:36:57Z" finished-at="2015-03-06T20:38:14Z">
          <reporter-output>
          </reporter-output>
        </test-method> <!-- oasisC1SOC -->
        <test-method status="PASS" signature="logoutKL()[pri:0, instance:com.test.scripts.AppiumTestNG@48447c]" name="logoutKL" is-config="true" duration-ms="5969" started-at="2015-03-06T20:38:14Z" finished-at="2015-03-06T20:38:20Z">
          <reporter-output>
          </reporter-output>
        </test-method> <!-- logoutKL -->
      </class> <!-- com.test.scripts.AppiumTestNG -->
    </test> <!-- Default test -->
  </suite> <!-- Default suite -->
</testng-results>
